<?xml version="1.0" encoding="UTF-8"?>
<testng-results skipped="0" failed="0" total="1" passed="1">
  <reporter-output>
  </reporter-output>
  <suite name="Default suite" duration-ms="137" started-at="2017-12-29T18:23:26Z" finished-at="2017-12-29T18:23:26Z">
    <groups>
    </groups>
    <test name="Default test" duration-ms="137" started-at="2017-12-29T18:23:26Z" finished-at="2017-12-29T18:23:26Z">
      <class name="TestGITFirst.TestGITFirst.App">
        <test-method status="PASS" signature="test()[pri:0, instance:TestGITFirst.TestGITFirst.App@5ccddd20]" name="test" duration-ms="34" started-at="2017-12-29T23:53:26Z" finished-at="2017-12-29T23:53:26Z">
          <reporter-output>
          </reporter-output>
        </test-method> <!-- test -->
      </class> <!-- TestGITFirst.TestGITFirst.App -->
    </test> <!-- Default test -->
  </suite> <!-- Default suite -->
</testng-results>
